<?xml version="1.0" encoding="UTF-8"?>
<testsuite xmlns:xsi="http://www.w3.org/2001/XMLSchema-instance" xsi:noNamespaceSchemaLocation="https://maven.apache.org/surefire/maven-surefire-plugin/xsd/surefire-test-report.xsd" name="com.poc.api.automation.runner.TestRunner" time="9.668" tests="10" errors="0" skipped="0" failures="0">
  <properties>
[...]
</properties>
  <testcase name="Validation of Create Schedule API" classname="Post - Create Schedule Feature" time="5.185"/>
  <testcase name="Validation of Unhappy Path for Create Schedule API" classname="Post - Create Schedule Feature" time="0.245"/>
  <testcase name="Validation of Delete Schedule API" classname="Delete Schedule Feature" time="0.506"/>
  <testcase name="Validation of Get Schedule By Valid Tenanat Id" classname="Get Schedule By Teanant Id Feature" time="0.412"/>
  <testcase name="Validation of Get Schedule By Invalid Tenanat Id #1" classname="Get Schedule By Teanant Id Feature" time="0.271"/>
  <testcase name="Validation of Get Schedule By Invalid Tenanat Id #2" classname="Get Schedule By Teanant Id Feature" time="0.081"/>
  <testcase name="Validation of Get Schedule By Invalid Tenanat Id #3" classname="Get Schedule By Teanant Id Feature" time="0.059"/>
  <testcase name="Validation of Get Schedule By Invalid Tenanat Id #4" classname="Get Schedule By Teanant Id Feature" time="0.07"/>
  <testcase name="Validation of Get Schedule By Invalid Tenanat Id #5" classname="Get Schedule By Teanant Id Feature" time="0.077"/>
  <testcase name="Validation of Create Schedule API" classname="Put - Update Schedule Feature" time="0.151"/>
</testsuite>